<?xml version="1.0" encoding="UTF-8"?>
<testsuite xmlns:xsi="http://www.w3.org/2001/XMLSchema-instance" xsi:noNamespaceSchemaLocation="https://maven.apache.org/surefire/maven-surefire-plugin/xsd/surefire-test-report-3.0.xsd" version="3.0" name="com.example.springbootwebsocketangularv002.Springbootwebsocketangularv002ApplicationTests" time="2.951" tests="1" errors="0" skipped="0" failures="0">
  <properties>
[...]
</properties>
  <testcase name="contextLoads" classname="com.example.springbootwebsocketangularv002.Springbootwebsocketangularv002ApplicationTests" time="0.777">
    <system-out><![CDATA[01:08:03.723 [main] INFO org.springframework.test.context.support.AnnotationConfigContextLoaderUtils -- Could not detect default configuration classes for test class [com.example.springbootwebsocketangularv002.Springbootwebsocketangularv002ApplicationTests]: Springbootwebsocketangularv002ApplicationTests does not declare any static, non-private, non-final, nested classes annotated with @Configuration.
01:08:03.817 [main] INFO org.springframework.boot.test.context.SpringBootTestContextBootstrapper -- Found @SpringBootConfiguration com.example.springbootwebsocketangularv002.Springbootwebsocketangularv002Application for test class com.example.springbootwebsocketangularv002.Springbootwebsocketangularv002ApplicationTests

  .   ____          _            __ _ _
 /\\ / ___'_ __ _ _(_)_ __  __ _ \ \ \ \
( ( )\___ | '_ | '_| | '_ \/ _` | \ \ \ \
 \\/  ___)| |_)| | | | | || (_| |  ) ) ) )
  '  |____| .__|_| |_|_| |_\__, | / / / /
 =========|_|==============|___/=/_/_/_/

 :: Spring Boot ::                (v3.3.4)

2024-10-13T01:08:04.234+02:00  INFO 22780 --- [springbootwebsocketangularv002] [           main] bootwebsocketangularv002ApplicationTests : Starting Springbootwebsocketangularv002ApplicationTests using Java 17.0.12 with PID 22780 (started by moumie in E:\VS CODES\springbootwebsocketangularv002)
2024-10-13T01:08:04.238+02:00  INFO 22780 --- [springbootwebsocketangularv002] [           main] bootwebsocketangularv002ApplicationTests : No active profile set, falling back to 1 default profile: "default"
2024-10-13T01:08:05.713+02:00  INFO 22780 --- [springbootwebsocketangularv002] [           main] o.s.m.s.b.SimpleBrokerMessageHandler     : Starting...
2024-10-13T01:08:05.716+02:00  INFO 22780 --- [springbootwebsocketangularv002] [           main] o.s.m.s.b.SimpleBrokerMessageHandler     : BrokerAvailabilityEvent[available=true, SimpleBrokerMessageHandler [org.springframework.messaging.simp.broker.DefaultSubscriptionRegistry@3aaa3c39]]
2024-10-13T01:08:05.717+02:00  INFO 22780 --- [springbootwebsocketangularv002] [           main] o.s.m.s.b.SimpleBrokerMessageHandler     : Started.
2024-10-13T01:08:05.726+02:00  INFO 22780 --- [springbootwebsocketangularv002] [           main] bootwebsocketangularv002ApplicationTests : Started Springbootwebsocketangularv002ApplicationTests in 1.775 seconds (process running for 2.678)
]]></system-out>
  </testcase>
</testsuite>